<?xml version="1.0" encoding="UTF-8"?>
<!-- Generated by org.testng.reporters.JUnitXMLReporter -->
<testsuite ignored="1" hostname="LAPTOP-RGO8VE7Q" failures="0" tests="4" name="Test" time="20.775" errors="0" timestamp="2024-01-21T15:23:41 IST">
  <testcase classname="myAT.LoginAT" name="launch" time="8.802"/>
  <testcase classname="myAT.LoginAT" name="enterLoginDetails" time="1.77"/>
  <testcase classname="myAT.LoginAT" name="navigateToMyReplicon" time="9.207"/>
  <testcase classname="myAT.LoginAT" name="TimeEntry" time="0.932"/>
  <testcase classname="myAT.LoginAT" name="verifyLogin" time="0.0">
    <ignored/>
  </testcase> <!-- verifyLogin -->
</testsuite> <!-- Test -->
