<?xml version="1.0" encoding="UTF-8"?>
<!-- Generated by org.testng.reporters.JUnitXMLReporter -->
<testsuite ignored="1" hostname="LAPTOP-RGO8VE7Q" failures="0" tests="4" name="myAT.LoginAT" time="33.284" errors="0" timestamp="2024-01-30T20:22:56 IST">
  <testcase classname="myAT.LoginAT" name="launch" time="7.106"/>
  <testcase classname="myAT.LoginAT" name="enterLoginDetails" time="4.175"/>
  <testcase classname="myAT.LoginAT" name="navigateToMyReplicon" time="21.269"/>
  <testcase classname="myAT.LoginAT" name="TimeEntry" time="0.673"/>
  <testcase classname="myAT.LoginAT" name="verifyLogin" time="0.0">
    <ignored/>
  </testcase> <!-- verifyLogin -->
</testsuite> <!-- myAT.LoginAT -->
