<?xml version="1.0" encoding="UTF-8"?>
<!-- Generated by org.testng.reporters.JUnitXMLReporter -->
<testsuite ignored="0" hostname="LAPTOP-RGO8VE7Q" failures="0" tests="3" name="Test Clean" time="22.723" errors="0" timestamp="2024-01-22T20:21:52 IST">
  <testcase classname="cleanTest.CleanTests" name="launch" time="8.758"/>
  <testcase classname="cleanTest.CleanTests" name="enterLoginDetails" time="1.567"/>
  <testcase classname="cleanTest.CleanTests" name="navigateTOPayroll" time="12.337"/>
</testsuite> <!-- Test Clean -->
